=================================================== BSF-SMM ====================================================
Problem name: rnd600-0
Number of Workers: 260
OpenMP is turned off!
Map List is not Fragmented.
Before conversion: m =	601	n = 1201
After conversion:  m =	1201	n = 600
Eps Zero:		1e-08
Obj Vector Length:	100000
--------------- Data ---------------
Obj Function:	               1               2               3               4               5               6               7               8               9              10              11              12              13              14              15              16              17              18              19              20              21              22              23              24              25              26              27              28              29              30 ...
u0 =		             200               0               0               0               0               0               0               0               0               0               0               0               0               0               0               0               0               0               0               0               0               0               0               0               0               0               0               0               0               0 ...	F(x) =              200
u0 is inside feasible polytope.
-------------------------------------------
=============================================
Elapsed time: 59.537526
Current objective value: 120200
Optimal objective value: 0
Relative error = 120200
=============================================
New vertex:	             200               0               0               0               0               0               0               0               0               0               0               0               0               0               0               0               0               0               0               0               0               0               0               0               0               0               0               0               0               0	...
Polytope residual: 0
